# JRE version: OpenJDK Runtime Environment (8.0_242-b01) (build 1.8.0_242-release-1644-b01)
# Java VM: OpenJDK 64-Bit Server VM (25.242-b01 mixed mode windows-amd64 compressed oops)
Heap:
 PSYoungGen      total 615424K, used 601272K [0x00000000d5580000, 0x0000000100000000, 0x0000000100000000)
  eden space 540672K, 100% used [0x00000000d5580000,0x00000000f6580000,0x00000000f6580000)
  from space 74752K, 81% used [0x00000000f6580000,0x00000000fa0ae3e8,0x00000000fae80000)
  to   space 82944K, 9% used [0x00000000faf00000,0x00000000fb6cc158,0x0000000100000000)
 ParOldGen       total 305152K, used 195262K [0x0000000080000000, 0x0000000092a00000, 0x00000000d5580000)
  object space 305152K, 63% used [0x0000000080000000,0x000000008beafa18,0x0000000092a00000)
 Metaspace       used 122743K, capacity 130926K, committed 131032K, reserved 1163264K
  class space    used 15612K, capacity 17124K, committed 17152K, reserved 1048576K
GC Heap History (10 events):
Event: 2193.772 GC heap after
Heap after GC invocations=55 (full 6):
 PSYoungGen      total 607232K, used 23343K [0x00000000d5580000, 0x0000000100000000, 0x0000000100000000)
  eden space 515584K, 0% used [0x00000000d5580000,0x00000000d5580000,0x00000000f4d00000)
  from space 91648K, 25% used [0x00000000f4d00000,0x00000000f63cbca0,0x00000000fa680000)
  to   space 86016K, 0% used [0x00000000fac00000,0x00000000fac00000,0x0000000100000000)
 ParOldGen       total 305152K, used 182175K [0x0000000080000000, 0x0000000092a00000, 0x00000000d5580000)
  object space 305152K, 59% used [0x0000000080000000,0x000000008b1e7ee0,0x0000000092a00000)
 Metaspace       used 117268K, capacity 123460K, committed 125144K, reserved 1157120K
  class space    used 14965K, capacity 16182K, committed 16640K, reserved 1048576K
}
Event: 3127.250 GC heap before
{Heap before GC invocations=56 (full 6):
 PSYoungGen      total 607232K, used 538927K [0x00000000d5580000, 0x0000000100000000, 0x0000000100000000)
  eden space 515584K, 100% used [0x00000000d5580000,0x00000000f4d00000,0x00000000f4d00000)
  from space 91648K, 25% used [0x00000000f4d00000,0x00000000f63cbca0,0x00000000fa680000)
  to   space 86016K, 0% used [0x00000000fac00000,0x00000000fac00000,0x0000000100000000)
 ParOldGen       total 305152K, used 182175K [0x0000000080000000, 0x0000000092a00000, 0x00000000d5580000)
  object space 305152K, 59% used [0x0000000080000000,0x000000008b1e7ee0,0x0000000092a00000)
 Metaspace       used 120769K, capacity 127952K, committed 128600K, reserved 1161216K
  class space    used 15400K, capacity 16801K, committed 17024K, reserved 1048576K
Event: 3127.349 GC heap after
Heap after GC invocations=56 (full 6):
 PSYoungGen      total 591360K, used 29812K [0x00000000d5580000, 0x00000000ff080000, 0x0000000100000000)
  eden space 521216K, 0% used [0x00000000d5580000,0x00000000d5580000,0x00000000f5280000)
  from space 70144K, 42% used [0x00000000fac00000,0x00000000fc91d0c8,0x00000000ff080000)
  to   space 80896K, 0% used [0x00000000f5280000,0x00000000f5280000,0x00000000fa180000)
 ParOldGen       total 305152K, used 183879K [0x0000000080000000, 0x0000000092a00000, 0x00000000d5580000)
  object space 305152K, 60% used [0x0000000080000000,0x000000008b391d08,0x0000000092a00000)
 Metaspace       used 120769K, capacity 127952K, committed 128600K, reserved 1161216K
  class space    used 15400K, capacity 16801K, committed 17024K, reserved 1048576K
}
Event: 3387.312 GC heap before
{Heap before GC invocations=57 (full 6):
 PSYoungGen      total 591360K, used 551028K [0x00000000d5580000, 0x00000000ff080000, 0x0000000100000000)
  eden space 521216K, 100% used [0x00000000d5580000,0x00000000f5280000,0x00000000f5280000)
  from space 70144K, 42% used [0x00000000fac00000,0x00000000fc91d0c8,0x00000000ff080000)
  to   space 80896K, 0% used [0x00000000f5280000,0x00000000f5280000,0x00000000fa180000)
 ParOldGen       total 305152K, used 183879K [0x0000000080000000, 0x0000000092a00000, 0x00000000d5580000)
  object space 305152K, 60% used [0x0000000080000000,0x000000008b391d08,0x0000000092a00000)
 Metaspace       used 121981K, capacity 130030K, committed 130264K, reserved 1163264K
  class space    used 15558K, capacity 17064K, committed 17152K, reserved 1048576K
Event: 3387.396 GC heap after
Heap after GC invocations=57 (full 6):
 PSYoungGen      total 602112K, used 18064K [0x00000000d5580000, 0x0000000100000000, 0x0000000100000000)
  eden space 521216K, 0% used [0x00000000d5580000,0x00000000d5580000,0x00000000f5280000)
  from space 80896K, 22% used [0x00000000f5280000,0x00000000f6424158,0x00000000fa180000)
  to   space 77312K, 0% used [0x00000000fb480000,0x00000000fb480000,0x0000000100000000)
 ParOldGen       total 305152K, used 195238K [0x0000000080000000, 0x0000000092a00000, 0x00000000d5580000)
  object space 305152K, 63% used [0x0000000080000000,0x000000008bea9a18,0x0000000092a00000)
 Metaspace       used 121981K, capacity 130030K, committed 130264K, reserved 1163264K
  class space    used 15558K, capacity 17064K, committed 17152K, reserved 1048576K
}
Event: 3423.137 GC heap before
{Heap before GC invocations=58 (full 6):
 PSYoungGen      total 602112K, used 539280K [0x00000000d5580000, 0x0000000100000000, 0x0000000100000000)
  eden space 521216K, 100% used [0x00000000d5580000,0x00000000f5280000,0x00000000f5280000)
  from space 80896K, 22% used [0x00000000f5280000,0x00000000f6424158,0x00000000fa180000)
  to   space 77312K, 0% used [0x00000000fb480000,0x00000000fb480000,0x0000000100000000)
 ParOldGen       total 305152K, used 195238K [0x0000000080000000, 0x0000000092a00000, 0x00000000d5580000)
  object space 305152K, 63% used [0x0000000080000000,0x000000008bea9a18,0x0000000092a00000)
 Metaspace       used 122303K, capacity 130496K, committed 130776K, reserved 1163264K
  class space    used 15584K, capacity 17097K, committed 17152K, reserved 1048576K
Event: 3423.189 GC heap after
Heap after GC invocations=58 (full 6):
 PSYoungGen      total 609280K, used 12800K [0x00000000d5580000, 0x00000000ff780000, 0x0000000100000000)
  eden space 540672K, 0% used [0x00000000d5580000,0x00000000d5580000,0x00000000f6580000)
  from space 68608K, 18% used [0x00000000fb480000,0x00000000fc1000c0,0x00000000ff780000)
  to   space 74752K, 0% used [0x00000000f6580000,0x00000000f6580000,0x00000000fae80000)
 ParOldGen       total 305152K, used 195246K [0x0000000080000000, 0x0000000092a00000, 0x00000000d5580000)
  object space 305152K, 63% used [0x0000000080000000,0x000000008beaba18,0x0000000092a00000)
 Metaspace       used 122303K, capacity 130496K, committed 130776K, reserved 1163264K
  class space    used 15584K, capacity 17097K, committed 17152K, reserved 1048576K
}
Event: 3430.992 GC heap before
{Heap before GC invocations=59 (full 6):
 PSYoungGen      total 609280K, used 553472K [0x00000000d5580000, 0x00000000ff780000, 0x0000000100000000)
  eden space 540672K, 100% used [0x00000000d5580000,0x00000000f6580000,0x00000000f6580000)
  from space 68608K, 18% used [0x00000000fb480000,0x00000000fc1000c0,0x00000000ff780000)
  to   space 74752K, 0% used [0x00000000f6580000,0x00000000f6580000,0x00000000fae80000)
 ParOldGen       total 305152K, used 195246K [0x0000000080000000, 0x0000000092a00000, 0x00000000d5580000)
  object space 305152K, 63% used [0x0000000080000000,0x000000008beaba18,0x0000000092a00000)
 Metaspace       used 122549K, capacity 130670K, committed 130776K, reserved 1163264K
  class space    used 15599K, capacity 17104K, committed 17152K, reserved 1048576K
Event: 3431.116 GC heap after
Heap after GC invocations=59 (full 6):
 PSYoungGen      total 615424K, used 60600K [0x00000000d5580000, 0x0000000100000000, 0x0000000100000000)
  eden space 540672K, 0% used [0x00000000d5580000,0x00000000d5580000,0x00000000f6580000)
  from space 74752K, 81% used [0x00000000f6580000,0x00000000fa0ae3e8,0x00000000fae80000)
  to   space 82944K, 0% used [0x00000000faf00000,0x00000000faf00000,0x0000000100000000)
 ParOldGen       total 305152K, used 195254K [0x0000000080000000, 0x0000000092a00000, 0x00000000d5580000)
  object space 305152K, 63% used [0x0000000080000000,0x000000008beada18,0x0000000092a00000)
 Metaspace       used 122549K, capacity 130670K, committed 130776K, reserved 1163264K
  class space    used 15599K, capacity 17104K, committed 17152K, reserved 1048576K
}
Event: 4060.351 GC heap before
{Heap before GC invocations=60 (full 6):
 PSYoungGen      total 615424K, used 601272K [0x00000000d5580000, 0x0000000100000000, 0x0000000100000000)
  eden space 540672K, 100% used [0x00000000d5580000,0x00000000f6580000,0x00000000f6580000)
  from space 74752K, 81% used [0x00000000f6580000,0x00000000fa0ae3e8,0x00000000fae80000)
  to   space 82944K, 0% used [0x00000000faf00000,0x00000000faf00000,0x0000000100000000)
 ParOldGen       total 305152K, used 195254K [0x0000000080000000, 0x0000000092a00000, 0x00000000d5580000)
  object space 305152K, 63% used [0x0000000080000000,0x000000008beada18,0x0000000092a00000)
 Metaspace       used 122743K, capacity 130926K, committed 131032K, reserved 1163264K
  class space    used 15612K, capacity 17124K, committed 17152K, reserved 1048576K

